C51 COMPILER V9.01   MAIN                                                                  12/05/2010 21:41:40 PAGE 1   


C51 COMPILER V9.01, COMPILATION OF MODULE MAIN
OBJECT MODULE PLACED IN main.OBJ
COMPILER INVOKED BY: C:\Keil\C51\BIN\C51.EXE main.c BROWSE DEBUG OBJECTEXTEND

line level    source

   1          
   2          
   3          #include        <REGX51.H>
   4          #include        <tm1638.h>
   5          
   6          unsigned char num[8];           //各个数码管显示的值
   7          
   8          int main(void)
   9          {
  10   1              unsigned char i;
  11   1              init_TM1638();                             //初始化TM1638
  12   1              for(i=0;i<8;i++)
  13   1              Write_DATA(i<<1,tab[0]);                       //初始化寄存器
  14   1              
  15   1              while(1)
  16   1              {
  17   2                      i=Read_key();                          //读按键值
  18   2                      if(i<8)
  19   2                      {
  20   3                              num[i]++;
  21   3                              while(Read_key()==i);                  //等待按键释放
  22   3                              if(num[i]>15)
  23   3                              num[i]=0;
  24   3                              Write_DATA(i*2,tab[num[i]]);
  25   3                              Write_allLED(1<<i);
  26   3                      }
  27   2              }
  28   1      }
  29          


MODULE INFORMATION:   STATIC OVERLAYABLE
   CODE SIZE        =    336    ----
   CONSTANT SIZE    =     16    ----
   XDATA SIZE       =   ----    ----
   PDATA SIZE       =   ----    ----
   DATA SIZE        =      8       4
   IDATA SIZE       =   ----    ----
   BIT SIZE         =   ----    ----
END OF MODULE INFORMATION.


C51 COMPILATION COMPLETE.  0 WARNING(S),  0 ERROR(S)
