Assembler report for top_cpld
Fri Nov 27 17:33:11 2020
Quartus Prime Version 20.1.0 Build 711 06/05/2020 SJ Lite Edition


---------------------
; Table of Contents ;
---------------------
  1. Legal Notice
  2. Assembler Summary
  3. Assembler Settings
  4. Assembler Generated Files
  5. Assembler Device Options: D:/106/EP4CE6/project/output_files/top_cpld.sof
  6. Assembler Device Options: D:/106/EP4CE6/project/output_files/top_cpld.pof
  7. Assembler Messages



----------------
; Legal Notice ;
----------------
Copyright (C) 2020  Intel Corporation. All rights reserved.
Your use of Intel Corporation's design tools, logic functions 
and other software and tools, and any partner logic 
functions, and any output files from any of the foregoing 
(including device programming or simulation files), and any 
associated documentation or information are expressly subject 
to the terms and conditions of the Intel Program License 
Subscription Agreement, the Intel Quartus Prime License Agreement,
the Intel FPGA IP License Agreement, or other applicable license
agreement, including, without limitation, that your use is for
the sole purpose of programming logic devices manufactured by
Intel and sold by Intel or its authorized distributors.  Please
refer to the applicable agreement for further details, at
https://fpgasoftware.intel.com/eula.



+---------------------------------------------------------------+
; Assembler Summary                                             ;
+-----------------------+---------------------------------------+
; Assembler Status      ; Successful - Fri Nov 27 17:33:11 2020 ;
; Revision Name         ; top_cpld                              ;
; Top-level Entity Name ; top_cpld                              ;
; Family                ; Cyclone IV E                          ;
; Device                ; EP4CE6E22C8                           ;
+-----------------------+---------------------------------------+


+----------------------------------+
; Assembler Settings               ;
+--------+---------+---------------+
; Option ; Setting ; Default Value ;
+--------+---------+---------------+


+-------------------------------------------------+
; Assembler Generated Files                       ;
+-------------------------------------------------+
; File Name                                       ;
+-------------------------------------------------+
; D:/106/EP4CE6/project/output_files/top_cpld.sof ;
; D:/106/EP4CE6/project/output_files/top_cpld.pof ;
+-------------------------------------------------+


+---------------------------------------------------------------------------+
; Assembler Device Options: D:/106/EP4CE6/project/output_files/top_cpld.sof ;
+----------------+----------------------------------------------------------+
; Option         ; Setting                                                  ;
+----------------+----------------------------------------------------------+
; JTAG usercode  ; 0x000A5FEC                                               ;
; Checksum       ; 0x000A5FEC                                               ;
+----------------+----------------------------------------------------------+


+---------------------------------------------------------------------------+
; Assembler Device Options: D:/106/EP4CE6/project/output_files/top_cpld.pof ;
+--------------------+------------------------------------------------------+
; Option             ; Setting                                              ;
+--------------------+------------------------------------------------------+
; JTAG usercode      ; 0x00000000                                           ;
; Checksum           ; 0x067574B4                                           ;
; Compression Ratio  ; 3                                                    ;
+--------------------+------------------------------------------------------+


+--------------------+
; Assembler Messages ;
+--------------------+
Info: *******************************************************************
Info: Running Quartus Prime Assembler
    Info: Version 20.1.0 Build 711 06/05/2020 SJ Lite Edition
    Info: Processing started: Fri Nov 27 17:32:59 2020
Info: Command: quartus_asm --read_settings_files=off --write_settings_files=off top_cpld -c top_cpld
Warning (18236): Number of processors has not been specified which may cause overloading on shared machines.  Set the global assignment NUM_PARALLEL_PROCESSORS in your QSF to an appropriate value for best performance.
Info (115031): Writing out detailed assembly data for power analysis
Info (115030): Assembler is generating device programming files
Info: Quartus Prime Assembler was successful. 0 errors, 1 warning
    Info: Peak virtual memory: 4685 megabytes
    Info: Processing ended: Fri Nov 27 17:33:11 2020
    Info: Elapsed time: 00:00:12
    Info: Total CPU time (on all processors): 00:00:01


