Flow report for top_cpld
Fri Nov 27 17:33:21 2020
Quartus Prime Version 20.1.0 Build 711 06/05/2020 SJ Lite Edition


---------------------
; Table of Contents ;
---------------------
  1. Legal Notice
  2. Flow Summary
  3. Flow Settings
  4. Flow Non-Default Global Settings
  5. Flow Elapsed Time
  6. Flow OS Summary
  7. Flow Log
  8. Flow Messages
  9. Flow Suppressed Messages



----------------
; Legal Notice ;
----------------
Copyright (C) 2020  Intel Corporation. All rights reserved.
Your use of Intel Corporation's design tools, logic functions 
and other software and tools, and any partner logic 
functions, and any output files from any of the foregoing 
(including device programming or simulation files), and any 
associated documentation or information are expressly subject 
to the terms and conditions of the Intel Program License 
Subscription Agreement, the Intel Quartus Prime License Agreement,
the Intel FPGA IP License Agreement, or other applicable license
agreement, including, without limitation, that your use is for
the sole purpose of programming logic devices manufactured by
Intel and sold by Intel or its authorized distributors.  Please
refer to the applicable agreement for further details, at
https://fpgasoftware.intel.com/eula.



+----------------------------------------------------------------------------------+
; Flow Summary                                                                     ;
+------------------------------------+---------------------------------------------+
; Flow Status                        ; Successful - Fri Nov 27 17:33:11 2020       ;
; Quartus Prime Version              ; 20.1.0 Build 711 06/05/2020 SJ Lite Edition ;
; Revision Name                      ; top_cpld                                    ;
; Top-level Entity Name              ; top_cpld                                    ;
; Family                             ; Cyclone IV E                                ;
; Device                             ; EP4CE6E22C8                                 ;
; Timing Models                      ; Final                                       ;
; Total logic elements               ; 177 / 6,272 ( 3 % )                         ;
;     Total combinational functions  ; 168 / 6,272 ( 3 % )                         ;
;     Dedicated logic registers      ; 119 / 6,272 ( 2 % )                         ;
; Total registers                    ; 119                                         ;
; Total pins                         ; 5 / 92 ( 5 % )                              ;
; Total virtual pins                 ; 0                                           ;
; Total memory bits                  ; 0 / 276,480 ( 0 % )                         ;
; Embedded Multiplier 9-bit elements ; 0 / 30 ( 0 % )                              ;
; Total PLLs                         ; 0 / 2 ( 0 % )                               ;
+------------------------------------+---------------------------------------------+


+-----------------------------------------+
; Flow Settings                           ;
+-------------------+---------------------+
; Option            ; Setting             ;
+-------------------+---------------------+
; Start date & time ; 11/27/2020 17:32:26 ;
; Main task         ; Compilation         ;
; Revision Name     ; top_cpld            ;
+-------------------+---------------------+


+---------------------------------------------------------------------------------------------------------------------------+
; Flow Non-Default Global Settings                                                                                          ;
+---------------------------------------+----------------------------------------+---------------+-------------+------------+
; Assignment Name                       ; Value                                  ; Default Value ; Entity Name ; Section Id ;
+---------------------------------------+----------------------------------------+---------------+-------------+------------+
; COMPILER_SIGNATURE_ID                 ; 198375894466749.160646954613540        ; --            ; --          ; --         ;
; FLOW_ENABLE_RTL_VIEWER                ; On                                     ; Off           ; --          ; --         ;
; MAX_CORE_JUNCTION_TEMP                ; 85                                     ; --            ; --          ; --         ;
; MIN_CORE_JUNCTION_TEMP                ; 0                                      ; --            ; --          ; --         ;
; OUTPUT_IO_TIMING_FAR_END_VMEAS        ; Half Signal Swing                      ; --            ; --          ; --         ;
; OUTPUT_IO_TIMING_FAR_END_VMEAS        ; Half Signal Swing                      ; --            ; --          ; --         ;
; OUTPUT_IO_TIMING_NEAR_END_VMEAS       ; Half Vccio                             ; --            ; --          ; --         ;
; OUTPUT_IO_TIMING_NEAR_END_VMEAS       ; Half Vccio                             ; --            ; --          ; --         ;
; PARTITION_COLOR                       ; -- (Not supported for targeted family) ; --            ; --          ; Top        ;
; PARTITION_FITTER_PRESERVATION_LEVEL   ; -- (Not supported for targeted family) ; --            ; --          ; Top        ;
; PARTITION_NETLIST_TYPE                ; -- (Not supported for targeted family) ; --            ; --          ; Top        ;
; POWER_EXT_SUPPLY_VOLTAGE_TO_REGULATOR ; -- (Not supported for targeted family) ; --            ; --          ; --         ;
; POWER_PRESET_COOLING_SOLUTION         ; No Heat Sink With Still Air            ; --            ; --          ; --         ;
; PROJECT_OUTPUT_DIRECTORY              ; output_files                           ; --            ; --          ; --         ;
; SMART_RECOMPILE                       ; On                                     ; Off           ; --          ; --         ;
+---------------------------------------+----------------------------------------+---------------+-------------+------------+


+--------------------------------------------------------------------------------------------------------------------------+
; Flow Elapsed Time                                                                                                        ;
+----------------------+--------------+-------------------------+---------------------+------------------------------------+
; Module Name          ; Elapsed Time ; Average Processors Used ; Peak Virtual Memory ; Total CPU Time (on all processors) ;
+----------------------+--------------+-------------------------+---------------------+------------------------------------+
; Analysis & Synthesis ; 00:00:12     ; 1.0                     ; 4783 MB             ; 00:00:13                           ;
; Fitter               ; 00:00:21     ; 1.0                     ; 5656 MB             ; 00:00:04                           ;
; Assembler            ; 00:00:12     ; 1.0                     ; 4685 MB             ; 00:00:01                           ;
; Timing Analyzer      ; 00:00:08     ; 1.0                     ; 4789 MB             ; 00:00:02                           ;
; Total                ; 00:00:53     ; --                      ; --                  ; 00:00:20                           ;
+----------------------+--------------+-------------------------+---------------------+------------------------------------+


+------------------------------------------------------------------------------------+
; Flow OS Summary                                                                    ;
+----------------------+------------------+------------+------------+----------------+
; Module Name          ; Machine Hostname ; OS Name    ; OS Version ; Processor type ;
+----------------------+------------------+------------+------------+----------------+
; Analysis & Synthesis ; DESKTOP-209      ; Windows 10 ; 10.0       ; x86_64         ;
; Fitter               ; DESKTOP-209      ; Windows 10 ; 10.0       ; x86_64         ;
; Assembler            ; DESKTOP-209      ; Windows 10 ; 10.0       ; x86_64         ;
; Timing Analyzer      ; DESKTOP-209      ; Windows 10 ; 10.0       ; x86_64         ;
+----------------------+------------------+------------+------------+----------------+


------------
; Flow Log ;
------------
quartus_map --read_settings_files=on --write_settings_files=off top_cpld -c top_cpld
quartus_fit --read_settings_files=off --write_settings_files=off top_cpld -c top_cpld
quartus_asm --read_settings_files=off --write_settings_files=off top_cpld -c top_cpld
quartus_sta top_cpld -c top_cpld



